<?xml version="1.0" encoding="UTF-8"?>
<testng-results ignored="0" total="5" passed="5" failed="0" skipped="0">
  <reporter-output>
  </reporter-output>
  <suite started-at="2021-11-01T00:03:34 IST" name="Default suite" finished-at="2021-11-01T00:03:43 IST" duration-ms="9224">
    <groups>
    </groups>
    <test started-at="2021-11-01T00:03:34 IST" name="Default test" finished-at="2021-11-01T00:03:43 IST" duration-ms="9224">
      <class name="com.qa.base.parameterization">
        <test-method signature="AddFakeData(java.lang.String, java.lang.String)[pri:0, instance:com.qa.base.parameterization@501edcf1]" started-at="2021-11-01T00:03:35 IST" name="AddFakeData" data-provider="getData1" finished-at="2021-11-01T00:03:43 IST" duration-ms="7528" status="PASS">
          <params>
            <param index="0">
              <value>
                <![CDATA[name]]>
              </value>
            </param>
            <param index="1">
              <value>
                <![CDATA[id]]>
              </value>
            </param>
          </params>
          <reporter-output>
          </reporter-output>
        </test-method> <!-- AddFakeData -->
        <test-method signature="AddFakeData(java.lang.String, java.lang.String)[pri:0, instance:com.qa.base.parameterization@501edcf1]" started-at="2021-11-01T00:03:43 IST" name="AddFakeData" data-provider="getData1" finished-at="2021-11-01T00:03:43 IST" duration-ms="120" status="PASS">
          <params>
            <param index="0">
              <value>
                <![CDATA[Dulce]]>
              </value>
            </param>
            <param index="1">
              <value>
                <![CDATA[1.0]]>
              </value>
            </param>
          </params>
          <reporter-output>
          </reporter-output>
        </test-method> <!-- AddFakeData -->
        <test-method signature="AddFakeData(java.lang.String, java.lang.String)[pri:0, instance:com.qa.base.parameterization@501edcf1]" started-at="2021-11-01T00:03:43 IST" name="AddFakeData" data-provider="getData1" finished-at="2021-11-01T00:03:43 IST" duration-ms="96" status="PASS">
          <params>
            <param index="0">
              <value>
                <![CDATA[Mara]]>
              </value>
            </param>
            <param index="1">
              <value>
                <![CDATA[2.0]]>
              </value>
            </param>
          </params>
          <reporter-output>
          </reporter-output>
        </test-method> <!-- AddFakeData -->
        <test-method signature="AddFakeData(java.lang.String, java.lang.String)[pri:0, instance:com.qa.base.parameterization@501edcf1]" started-at="2021-11-01T00:03:43 IST" name="AddFakeData" data-provider="getData1" finished-at="2021-11-01T00:03:43 IST" duration-ms="104" status="PASS">
          <params>
            <param index="0">
              <value>
                <![CDATA[Philip]]>
              </value>
            </param>
            <param index="1">
              <value>
                <![CDATA[3.0]]>
              </value>
            </param>
          </params>
          <reporter-output>
          </reporter-output>
        </test-method> <!-- AddFakeData -->
        <test-method signature="AddFakeData(java.lang.String, java.lang.String)[pri:0, instance:com.qa.base.parameterization@501edcf1]" started-at="2021-11-01T00:03:43 IST" name="AddFakeData" data-provider="getData1" finished-at="2021-11-01T00:03:43 IST" duration-ms="80" status="PASS">
          <params>
            <param index="0">
              <value>
                <![CDATA[Kathleen]]>
              </value>
            </param>
            <param index="1">
              <value>
                <![CDATA[4.0]]>
              </value>
            </param>
          </params>
          <reporter-output>
          </reporter-output>
        </test-method> <!-- AddFakeData -->
      </class> <!-- com.qa.base.parameterization -->
    </test> <!-- Default test -->
  </suite> <!-- Default suite -->
</testng-results>
