<?xml version="1.0" encoding="UTF-8"?>
<!-- Generated by org.testng.reporters.JUnitXMLReporter -->
<testsuite ignored="0" hostname="DESKTOP-I8UDH2D" failures="0" tests="5" name="Default test" time="9.224" errors="0" timestamp="2021-11-01T00:03:43 IST">
  <testcase classname="com.qa.base.parameterization" name="AddFakeData" time="7.528"/>
  <testcase classname="com.qa.base.parameterization" name="AddFakeData" time="0.12"/>
  <testcase classname="com.qa.base.parameterization" name="AddFakeData" time="0.096"/>
  <testcase classname="com.qa.base.parameterization" name="AddFakeData" time="0.104"/>
  <testcase classname="com.qa.base.parameterization" name="AddFakeData" time="0.08"/>
</testsuite> <!-- Default test -->
